<?xml version="1.0" encoding="UTF-8"?>
<testsuite xmlns:xsi="http://www.w3.org/2001/XMLSchema-instance" xsi:noNamespaceSchemaLocation="https://maven.apache.org/surefire/maven-surefire-plugin/xsd/surefire-test-report-3.0.xsd" version="3.0" name="memory.SharedVectorTest" time="0.11" tests="22" errors="1" skipped="0" failures="2">
  <properties>
[...]
</properties>
  <testcase name="testVecMatMulLarge" classname="memory.SharedVectorTest" time="0.002"/>
  <testcase name="testDotSuccess1" classname="memory.SharedVectorTest" time="0.003"/>
  <testcase name="testDotSuccess2" classname="memory.SharedVectorTest" time="0.002"/>
  <testcase name="testDotLargeVectors" classname="memory.SharedVectorTest" time="0.001"/>
  <testcase name="testVecMatMulEmptyMatrix" classname="memory.SharedVectorTest" time="0.003">
    <error message="Index 0 out of bounds for length 0" type="java.lang.ArrayIndexOutOfBoundsException"><![CDATA[java.lang.ArrayIndexOutOfBoundsException: Index 0 out of bounds for length 0
	at memory.SharedMatrix.readRowMajor(SharedMatrix.java:40)
	at memory.SharedVector.vecMatMul(SharedVector.java:196)
	at memory.SharedVectorTest.testVecMatMulEmptyMatrix(SharedVectorTest.java:227)
	at java.base/java.lang.reflect.Method.invoke(Method.java:580)
	at java.base/java.util.ArrayList.forEach(ArrayList.java:1596)
	at java.base/java.util.ArrayList.forEach(ArrayList.java:1596)
]]></error>
  </testcase>
  <testcase name="testVecMatMulSingleColumn" classname="memory.SharedVectorTest" time="0.003"/>
  <testcase name="testDotFirstNotRow" classname="memory.SharedVectorTest" time="0.003"/>
  <testcase name="testAddLargeVectors" classname="memory.SharedVectorTest" time="0.002"/>
  <testcase name="testVecMatMulWrongOrientation" classname="memory.SharedVectorTest" time="0.001"/>
  <testcase name="testDotMismatchLength" classname="memory.SharedVectorTest" time="0.002"/>
  <testcase name="testAddSucces" classname="memory.SharedVectorTest" time="0.002"/>
  <testcase name="testVecMatMulIdentity" classname="memory.SharedVectorTest" time="0.003"/>
  <testcase name="testAddMisMatchLength" classname="memory.SharedVectorTest" time="0.002"/>
  <testcase name="testAddMisMatchMajor" classname="memory.SharedVectorTest" time="0.002"/>
  <testcase name="testVecMatMulDimensionMismatch" classname="memory.SharedVectorTest" time="0.002"/>
  <testcase name="testDotNull" classname="memory.SharedVectorTest" time="0.006">
    <failure message="Unexpected exception type thrown, expected: &lt;java.lang.IllegalArgumentException&gt; but was: &lt;java.lang.NullPointerException&gt;" type="org.opentest4j.AssertionFailedError"><![CDATA[org.opentest4j.AssertionFailedError: Unexpected exception type thrown, expected: <java.lang.IllegalArgumentException> but was: <java.lang.NullPointerException>
	at org.junit.jupiter.api.AssertionFailureBuilder.build(AssertionFailureBuilder.java:151)
	at org.junit.jupiter.api.AssertThrows.assertThrows(AssertThrows.java:67)
	at org.junit.jupiter.api.AssertThrows.assertThrows(AssertThrows.java:35)
	at org.junit.jupiter.api.Assertions.assertThrows(Assertions.java:3115)
	at memory.SharedVectorTest.testDotNull(SharedVectorTest.java:81)
	at java.base/java.lang.reflect.Method.invoke(Method.java:580)
	at java.base/java.util.ArrayList.forEach(ArrayList.java:1596)
	at java.base/java.util.ArrayList.forEach(ArrayList.java:1596)
Caused by: java.lang.NullPointerException: Cannot invoke "memory.SharedVector.readLock()" because "other" is null
	at memory.SharedVector.dot(SharedVector.java:168)
	at memory.SharedVectorTest.lambda$2(SharedVectorTest.java:81)
	at org.junit.jupiter.api.AssertThrows.assertThrows(AssertThrows.java:53)
	... 6 more
]]></failure>
  </testcase>
  <testcase name="testNegate" classname="memory.SharedVectorTest" time="0.003"/>
  <testcase name="testTranspose" classname="memory.SharedVectorTest" time="0.002"/>
  <testcase name="testVecMatMulNull" classname="memory.SharedVectorTest" time="0.005">
    <failure message="Unexpected exception type thrown, expected: &lt;java.lang.IllegalArgumentException&gt; but was: &lt;java.lang.NullPointerException&gt;" type="org.opentest4j.AssertionFailedError"><![CDATA[org.opentest4j.AssertionFailedError: Unexpected exception type thrown, expected: <java.lang.IllegalArgumentException> but was: <java.lang.NullPointerException>
	at org.junit.jupiter.api.AssertionFailureBuilder.build(AssertionFailureBuilder.java:151)
	at org.junit.jupiter.api.AssertThrows.assertThrows(AssertThrows.java:67)
	at org.junit.jupiter.api.AssertThrows.assertThrows(AssertThrows.java:35)
	at org.junit.jupiter.api.Assertions.assertThrows(Assertions.java:3115)
	at memory.SharedVectorTest.testVecMatMulNull(SharedVectorTest.java:238)
	at java.base/java.lang.reflect.Method.invoke(Method.java:580)
	at java.base/java.util.ArrayList.forEach(ArrayList.java:1596)
	at java.base/java.util.ArrayList.forEach(ArrayList.java:1596)
Caused by: java.lang.NullPointerException: Cannot invoke "memory.SharedMatrix.readRowMajor()" because "matrix" is null
	at memory.SharedVector.vecMatMul(SharedVector.java:196)
	at memory.SharedVectorTest.lambda$8(SharedVectorTest.java:238)
	at org.junit.jupiter.api.AssertThrows.assertThrows(AssertThrows.java:53)
	... 6 more
]]></failure>
  </testcase>
  <testcase name="testDotSecondNotColumn" classname="memory.SharedVectorTest" time="0.002"/>
  <testcase name="testVecMatMulSingleRow" classname="memory.SharedVectorTest" time="0.002"/>
  <testcase name="testVecMatMulRectangular" classname="memory.SharedVectorTest" time="0.017"/>
</testsuite>